ISim log file
Running: C:\Cursos\IntroFpga\TrabajoFinal\FloatPointALU\FloatPointALU_test_isim_beh.exe -intstyle ise -gui -tclbatch isim.cmd -wdb C:/Cursos/IntroFpga/TrabajoFinal/FloatPointALU/FloatPointALU_test_isim_beh.wdb 
ISim P.49d (signature 0x8ef4fb42)
This is a Full version of ISim.
Time resolution is 1 ps
# onerror resume
# wave add /
# run 1000 ns
Simulator is doing circuit initialization process.
Finished circuit initialization process.
# show value result_t -rad
01000011000101010010101110000101
# run all
Stopped at time : 45533500 ns : File "C:/Cursos/IntroFpga/TrabajoFinal/FloatPointALU/FloatPointALU.vhd" Line 198
# run all
Stopped at time : 55264 us : File "C:/Cursos/IntroFpga/TrabajoFinal/FloatPointALU/FloatPointALU.vhd" Line 198
ISim P.49d (signature 0x8ef4fb42)
This is a Full version of ISim.
# run 1000 ns
Simulator is doing circuit initialization process.
Finished circuit initialization process.
