KCPSM3 Assembler log file for program 'picocode.psm'.
Generated by KCPSM3 version 1.20
Ken Chapman (Xilinx Ltd) 2004.

 Addr Code

 000                 ; -- BRIEF: Example program to send the number to the float point ALU
 000                 ;;----------------------------------
 000                 ;; ENTER THE NUMBERS IN HEX
 000                 ;;----------------------------------
 000                 ; Number one
 000                 CONSTANT NA1, 01   ;
 000                 CONSTANT NA2, 02   ;
 000                 CONSTANT NA3, 03   ;
 000                 CONSTANT NA4, 04   ;
 000                 ; Number two
 000                 CONSTANT NB1, 01   ;
 000                 CONSTANT NB2, 02   ;
 000                 CONSTANT NB3, 03   ;
 000                 CONSTANT NB4, 04   ;
 000                 ; Operation  00 - add  01 --subtract
 000                 CONSTANT OPE, 00   ;
 000                 ;;----------------------------------
 000                 ;; DO NOT NEED CHANGE NOTHING BELOW
 000                 ;;----------------------------------
 000                 ;--- NUMBER OF THE REGISTERS  ---
 000                 ;Result
 000                 CONSTANT pR1, 01   ;
 000                 CONSTANT pR2, 02   ;
 000                 CONSTANT pR3, 03   ;
 000                 CONSTANT pR4, 04   ;
 000                 ;first number
 000                 CONSTANT pA1, 05   ;
 000                 CONSTANT pA2, 06   ;
 000                 CONSTANT pA3, 07   ;
 000                 CONSTANT pA4, 08   ;
 000                 ;second number
 000                 CONSTANT pB1, 09   ;
 000                 CONSTANT pB2, 0A   ;
 000                 CONSTANT pB3, 0B   ;
 000                 CONSTANT pB4, 0C   ;
 000                 ;Operation subtract or add
 000                 CONSTANT pOP, 0D   ;
 000                 ;--- PROGRAM  ---
 000         output: 
 000                 ;output the number to the float point unit
 000                 ;First number
 000  00001          LOAD s0, NA1[01]
 001  2C005          OUTPUT s0, pA1[05]
 002  00002          LOAD s0, NA2[02]
 003  2C006          OUTPUT s0, pA2[06]
 004  00003          LOAD s0, NA3[03]
 005  2C007          OUTPUT s0, pA3[07]
 006  00004          LOAD s0, NA4[04]
 007  2C008          OUTPUT s0, pA4[08]
 008                 ;Second number
 008  00001          LOAD s0, NB1[01]
 009  2C009          OUTPUT s0, pB1[09]
 00A  00002          LOAD s0, NB2[02]
 00B  2C00A          OUTPUT s0, pB2[0A]
 00C  00003          LOAD s0, NB3[03]
 00D  2C00B          OUTPUT s0, pB3[0B]
 00E  00004          LOAD s0, NB4[04]
 00F  2C00C          OUTPUT s0, pB4[0C]
 010                 ;operation
 010  00000          LOAD s0, OPE[00]
 011  2C00D          OUTPUT s0, pOP[0D]
 012  34000          JUMP output[000]
