Release 14.4 - ngc2edif P.49d (nt)
Copyright (c) 1995-2012 Xilinx, Inc.  All rights reserved.
Reading design loopback.ngc ...
WARNING:NetListWriters:298 - No output is written to loopback.xncf, ignored.
Processing design ...
   Preping design's networks ...
   Preping design's macros ...
  finished :Prep
Writing EDIF netlist file loopback.edif ...
ngc2edif: Total memory usage is 61220 kilobytes

Release 14.4 - ngc2edif P.49d (nt)
Copyright (c) 1995-2012 Xilinx, Inc.  All rights reserved.
Reading design loopback.ngc ...
WARNING:NetListWriters:298 - No output is written to loopback.xncf, ignored.
Processing design ...
   Preping design's networks ...
   Preping design's macros ...
  finished :Prep
Writing EDIF netlist file loopback.edif ...
ngc2edif: Total memory usage is 61220 kilobytes

