Running: fuse.exe -relaunch -intstyle "ise" -incremental -o "C:/Cursos/IntroFpga/TrabajoFinal/FloatPointALU/FloatPointALU_test_isim_beh.exe" -prj "C:/Cursos/IntroFpga/TrabajoFinal/FloatPointALU/FloatPointALU_test_beh.prj" "work.FloatPointALU_test" 
ISim P.49d (signature 0x8ef4fb42)
Number of CPUs detected in this system: 2
Turning on mult-threading, number of parallel sub-compilation jobs: 4 
Determining compilation order of HDL files
Parsing VHDL file "C:/Cursos/IntroFpga/TrabajoFinal/FloatPointALU/floatPointConst.vhd" into library work
Parsing VHDL file "C:/Cursos/IntroFpga/TrabajoFinal/FloatPointALU/FloatPointALU.vhd" into library work
Starting static elaboration
Completed static elaboration
Fuse Memory Usage: 105872 KB
Fuse CPU Usage: 873 ms
Compiling package standard
Compiling package std_logic_1164
Compiling package numeric_std
Compiling package floatpointconst
Compiling architecture behavioral of entity FloatPointALU [floatpointalu_default]
Compiling architecture floatpointalu_test_arq of entity floatpointalu_test
Time Resolution for simulation is 1ps.
Waiting for 2 sub-compilation(s) to finish...
Compiled 7 VHDL Units
Built simulation executable C:/Cursos/IntroFpga/TrabajoFinal/FloatPointALU/FloatPointALU_test_isim_beh.exe
Fuse Memory Usage: 122560 KB
Fuse CPU Usage: 1200 ms
